<?xml version="1.0" encoding="UTF-8"?>
<testng-results skipped="0" failed="0" ignored="0" total="1" passed="1">
  <reporter-output>
  </reporter-output>
  <suite name="Default suite" duration-ms="4981" started-at="2021-03-30T12:11:34 IST" finished-at="2021-03-30T12:11:39 IST">
    <groups>
    </groups>
    <test name="Default test" duration-ms="4981" started-at="2021-03-30T12:11:34 IST" finished-at="2021-03-30T12:11:39 IST">
      <class name="demo.TC001_GET_Req_Test">
        <test-method status="PASS" signature="get_Weather()[pri:0, instance:demo.TC001_GET_Req_Test@371a67ec]" name="get_Weather" duration-ms="4929" started-at="2021-03-30T12:11:35 IST" finished-at="2021-03-30T12:11:39 IST">
          <reporter-output>
          </reporter-output>
        </test-method> <!-- get_Weather -->
      </class> <!-- demo.TC001_GET_Req_Test -->
    </test> <!-- Default test -->
  </suite> <!-- Default suite -->
</testng-results>
